<?xml version="1.0" encoding="UTF-8"?>
<!-- Generated by org.testng.reporters.JUnitReportReporter -->
<testsuite hostname="CON-SIGUPTA01" failures="0" tests="1" name="com.OBBE.Testcases.EPNewHire" time="26.651" errors="0" timestamp="2025-05-12T20:06:26 IST" skipped="0">
  <testcase classname="com.OBBE.Testcases.EPNewHire" name="newhire" time="26.651"/>
  <system-out/>
</testsuite> <!-- com.OBBE.Testcases.EPNewHire -->
