<?xml version="1.0" encoding="UTF-8"?>
<!-- Generated by org.testng.reporters.JUnitReportReporter -->
<testsuite hostname="CON-SIGUPTA01" failures="0" tests="1" name="com.OBBE.Testcases.LoginTest" time="17.210" errors="0" timestamp="2023-12-12T22:47:47 IST" skipped="0">
  <testcase classname="com.OBBE.Testcases.LoginTest" name="LoginTest" time="17.210"/>
</testsuite> <!-- com.OBBE.Testcases.LoginTest -->
