<?xml version="1.0" encoding="UTF-8"?>
<!-- Generated by org.testng.reporters.JUnitReportReporter -->
<testsuite hostname="CON-SIGUPTA01" failures="0" tests="5" name="com.OBBE.Testcases.Onboarding2" time="485.623" errors="0" timestamp="2025-03-24T16:16:21 IST" skipped="1">
  <testcase classname="com.OBBE.Testcases.Onboarding2" name="onboardingi9section1" time="347.700"/>
  <system-out/>
  <testcase classname="com.OBBE.Testcases.Onboarding2" name="onboardingi9section2" time="68.719"/>
  <system-out/>
  <testcase classname="com.OBBE.Testcases.Onboarding2" name="workflowmaintenance" time="29.097"/>
  <system-out/>
  <testcase classname="com.OBBE.Testcases.Onboarding2" name="Eplogin" time="6.639"/>
  <system-out/>
  <testcase classname="com.OBBE.Testcases.Onboarding2" name="onboardingi9section2" time="33.468">
    <skipped/>
  </testcase> <!-- onboardingi9section2 -->
  <system-out/>
</testsuite> <!-- com.OBBE.Testcases.Onboarding2 -->
