<?xml version="1.0" encoding="UTF-8"?>
<!-- Generated by org.testng.reporters.JUnitReportReporter -->
<testsuite hostname="CON-SIGUPTA01" failures="0" tests="1" name="com.OBBE.Testcases.BrokenLinks" time="22.125" errors="0" timestamp="2025-02-03T10:17:26 IST" skipped="0">
  <testcase classname="com.OBBE.Testcases.BrokenLinks" name="brokenlinks" time="22.125"/>
</testsuite> <!-- com.OBBE.Testcases.BrokenLinks -->
