<?xml version="1.0" encoding="UTF-8"?>
<!-- Generated by org.testng.reporters.JUnitReportReporter -->
<testsuite hostname="CON-SIGUPTA01" failures="0" tests="1" name="com.OBBE.Testcases.WebEnrollmentConfiguration" time="19.269" errors="0" timestamp="2025-01-31T15:04:41 IST" skipped="0">
  <testcase classname="com.OBBE.Testcases.WebEnrollmentConfiguration" name="WebEnrollmentConfig" time="19.269"/>
</testsuite> <!-- com.OBBE.Testcases.WebEnrollmentConfiguration -->
