<?xml version="1.0" encoding="UTF-8"?>
<!-- Generated by org.testng.reporters.JUnitReportReporter -->
<testsuite hostname="CON-SIGUPTA01" failures="0" tests="4" name="com.OBBE.Testcases.Onboarding" time="460.251" errors="0" timestamp="2025-03-04T17:35:51 IST" skipped="0">
  <testcase classname="com.OBBE.Testcases.Onboarding" name="onboardingi9section2" time="17.151"/>
  <system-out/>
  <testcase classname="com.OBBE.Testcases.Onboarding" name="Eplogin" time="0.256"/>
  <system-out/>
  <testcase classname="com.OBBE.Testcases.Onboarding" name="onboardingi9section1" time="362.105"/>
  <system-out/>
  <testcase classname="com.OBBE.Testcases.Onboarding" name="newhire" time="80.739"/>
  <system-out/>
</testsuite> <!-- com.OBBE.Testcases.Onboarding -->
