<?xml version="1.0" encoding="UTF-8"?>
<!-- Generated by org.testng.reporters.JUnitReportReporter -->
<testsuite hostname="CON-SIGUPTA01" failures="0" tests="1" name="com.OBBE.Testcases.Newhire" time="14.660" errors="0" timestamp="2024-01-08T17:28:32 IST" skipped="0">
  <testcase classname="com.OBBE.Testcases.Newhire" name="newhire" time="14.660"/>
</testsuite> <!-- com.OBBE.Testcases.Newhire -->
