<?xml version="1.0" encoding="UTF-8"?>
<!-- Generated by org.testng.reporters.JUnitReportReporter -->
<testsuite hostname="CON-SIGUPTA01" failures="0" tests="1" name="com.OBBE.Testcases.Prism" time="11.994" errors="0" timestamp="2023-12-13T19:57:32 IST" skipped="0">
  <testcase classname="com.OBBE.Testcases.Prism" name="WebEnrollmentConfiguration" time="11.994"/>
</testsuite> <!-- com.OBBE.Testcases.Prism -->
