<?xml version="1.0" encoding="UTF-8"?>
<!-- Generated by org.testng.reporters.JUnitReportReporter -->
<testsuite hostname="CON-SIGUPTA01" failures="0" tests="1" name="com.OBBE.Testcases.BENewhire" time="84.814" errors="0" timestamp="2025-02-17T15:27:48 IST" skipped="0">
  <testcase classname="com.OBBE.Testcases.BENewhire" name="newhire" time="84.814"/>
</testsuite> <!-- com.OBBE.Testcases.BENewhire -->
