<?xml version="1.0" encoding="UTF-8"?>
<!-- Generated by org.testng.reporters.JUnitReportReporter -->
<testsuite hostname="Siddhartha" failures="0" tests="3" name="TestCases.NaukriEditCareerProfile" time="28.285" errors="0" timestamp="2025-02-16T17:42:55 IST" skipped="0">
  <testcase classname="TestCases.NaukriEditCareerProfile" name="logout" time="0.918"/>
  <system-out/>
  <testcase classname="TestCases.NaukriEditCareerProfile" name="Login" time="0.651"/>
  <system-out/>
  <testcase classname="TestCases.NaukriEditCareerProfile" name="homepage" time="26.716"/>
  <system-out/>
</testsuite> <!-- TestCases.NaukriEditCareerProfile -->
