<?xml version="1.0" encoding="UTF-8"?>
<!-- Generated by org.testng.reporters.JUnitReportReporter -->
<testsuite hostname="Siddhartha" failures="0" tests="3" name="TestCases.NaukriEditCareerProfile" time="29.096" errors="0" timestamp="2025-02-17T23:18:13 IST" skipped="0">
  <testcase classname="TestCases.NaukriEditCareerProfile" name="homepage" time="27.622"/>
  <system-out/>
  <testcase classname="TestCases.NaukriEditCareerProfile" name="logout" time="0.836"/>
  <system-out/>
  <testcase classname="TestCases.NaukriEditCareerProfile" name="Login" time="0.638"/>
  <system-out/>
</testsuite> <!-- TestCases.NaukriEditCareerProfile -->
