<?xml version="1.0" encoding="UTF-8"?>
<!-- Generated by org.testng.reporters.JUnitReportReporter -->
<testsuite hostname="Siddhartha" failures="0" tests="3" name="TestCases.NaukriEditCareerProfile" time="1.244" errors="0" timestamp="2025-02-16T18:28:05 IST" skipped="0">
  <testcase classname="TestCases.NaukriEditCareerProfile" name="logout" time="0.038"/>
  <system-out/>
  <testcase classname="TestCases.NaukriEditCareerProfile" name="homepage" time="0.579"/>
  <system-out/>
  <testcase classname="TestCases.NaukriEditCareerProfile" name="Login" time="0.627"/>
  <system-out/>
</testsuite> <!-- TestCases.NaukriEditCareerProfile -->
