<?xml version="1.0" encoding="UTF-8"?>
<!-- Generated by org.testng.reporters.JUnitReportReporter -->
<testsuite hostname="Siddhartha" failures="0" tests="1" name="TestCases.NaukriEditProfile" time="27.339" errors="0" timestamp="2025-02-16T02:29:06 IST" skipped="0">
  <testcase classname="TestCases.NaukriEditProfile" name="naurkiEditProfile" time="27.339"/>
  <system-out/>
</testsuite> <!-- TestCases.NaukriEditProfile -->
