<?xml version="1.0" encoding="UTF-8"?>
<!-- Generated by org.testng.reporters.JUnitReportReporter -->
<testsuite hostname="Siddhartha" failures="0" tests="1" name="TestCases.Naukri" time="28.352" errors="0" timestamp="2025-02-16T02:37:07 IST" skipped="0">
  <testcase classname="TestCases.Naukri" name="naurkiEditProfile" time="28.352"/>
  <system-out/>
</testsuite> <!-- TestCases.Naukri -->
