<?xml version="1.0" encoding="UTF-8"?>
<!-- Generated by org.testng.reporters.JUnitReportReporter -->
<testsuite hostname="Siddhartha" failures="0" tests="3" name="TestCases.NaukriEditCareerProfile" time="40.228" errors="0" timestamp="2025-02-16T18:14:37 IST" skipped="0">
  <testcase classname="TestCases.NaukriEditCareerProfile" name="Login" time="10.074"/>
  <testcase classname="TestCases.NaukriEditCareerProfile" name="logout" time="10.043"/>
  <testcase classname="TestCases.NaukriEditCareerProfile" name="homepage" time="20.111"/>
</testsuite> <!-- TestCases.NaukriEditCareerProfile -->
