<?xml version="1.0" encoding="UTF-8"?>
<!-- Generated by org.testng.reporters.JUnitReportReporter -->
<testsuite hostname="Siddhartha" failures="0" tests="3" name="TestCases.NaukriUpdateResume" time="17.321" errors="0" timestamp="2025-02-16T17:44:36 IST" skipped="0">
  <testcase classname="TestCases.NaukriUpdateResume" name="uploadresume" time="14.777"/>
  <testcase classname="TestCases.NaukriUpdateResume" name="login" time="2.149"/>
  <testcase classname="TestCases.NaukriUpdateResume" name="logout" time="0.395"/>
</testsuite> <!-- TestCases.NaukriUpdateResume -->
