<?xml version="1.0" encoding="UTF-8"?>
<!-- Generated by org.testng.reporters.JUnitReportReporter -->
<testsuite hostname="Siddhartha" failures="0" tests="3" name="TestCases.NaukriUpdateResume" time="17.459" errors="0" timestamp="2025-02-16T17:04:14 IST" skipped="0">
  <testcase classname="TestCases.NaukriUpdateResume" name="login" time="2.050"/>
  <testcase classname="TestCases.NaukriUpdateResume" name="uploadresume" time="14.997"/>
  <testcase classname="TestCases.NaukriUpdateResume" name="logout" time="0.412"/>
</testsuite> <!-- TestCases.NaukriUpdateResume -->
