<?xml version="1.0" encoding="UTF-8"?>
<!-- Generated by org.testng.reporters.JUnitReportReporter -->
<testsuite hostname="Siddhartha" failures="0" tests="3" name="TestCases.NaukriEditCareerProfile" time="28.241" errors="0" timestamp="2025-02-16T17:44:36 IST" skipped="0">
  <testcase classname="TestCases.NaukriEditCareerProfile" name="logout" time="0.811"/>
  <testcase classname="TestCases.NaukriEditCareerProfile" name="homepage" time="26.829"/>
  <testcase classname="TestCases.NaukriEditCareerProfile" name="Login" time="0.601"/>
</testsuite> <!-- TestCases.NaukriEditCareerProfile -->
